[debug] [2024-01-06T10:51:59.253Z] ----------------------------------------------------------------------
[debug] [2024-01-06T10:51:59.264Z] Command:       C:\Program Files\nodejs\node.exe C:\Users\Mohit Verma\AppData\Roaming\npm\node_modules\firebase-tools\lib\bin\firebase.js login
[debug] [2024-01-06T10:51:59.265Z] CLI Version:   12.8.0
[debug] [2024-01-06T10:51:59.266Z] Platform:      win32
[debug] [2024-01-06T10:51:59.266Z] Node Version:  v20.9.0
[debug] [2024-01-06T10:51:59.267Z] Time:          Sat Jan 06 2024 16:21:59 GMT+0530 (India Standard Time)
[debug] [2024-01-06T10:51:59.267Z] ----------------------------------------------------------------------
[debug] 
[debug] [2024-01-06T10:51:59.282Z] >>> [apiv2][query] GET https://firebase-public.firebaseio.com/cli.json [none]
[info] Already logged in as ladduve4477@gmail.com
[debug] [2024-01-06T10:52:05.261Z] <<< [apiv2][status] GET https://firebase-public.firebaseio.com/cli.json 200
[debug] [2024-01-06T10:52:05.262Z] <<< [apiv2][body] GET https://firebase-public.firebaseio.com/cli.json {"cloudBuildErrorAfter":1594252800000,"cloudBuildWarnAfter":1590019200000,"defaultNode10After":1594252800000,"minVersion":"3.0.5","node8DeploysDisabledAfter":1613390400000,"node8RuntimeDisabledAfter":1615809600000,"node8WarnAfter":1600128000000}
[debug] [2024-01-06T10:52:07.282Z] Error: Timed out.
    at Timeout.<anonymous> (C:\Users\Mohit Verma\AppData\Roaming\npm\node_modules\firebase-tools\lib\utils.js:254:49)
    at listOnTimeout (node:internal/timers:573:17)
    at process.processTimers (node:internal/timers:514:7)
[error] 
[error] Error: An unexpected error has occurred.
[debug] [2024-01-06T10:52:21.364Z] ----------------------------------------------------------------------
[debug] [2024-01-06T10:52:21.371Z] Command:       C:\Program Files\nodejs\node.exe C:\Users\Mohit Verma\AppData\Roaming\npm\node_modules\firebase-tools\lib\bin\firebase.js init
[debug] [2024-01-06T10:52:21.372Z] CLI Version:   12.8.0
[debug] [2024-01-06T10:52:21.373Z] Platform:      win32
[debug] [2024-01-06T10:52:21.373Z] Node Version:  v20.9.0
[debug] [2024-01-06T10:52:21.373Z] Time:          Sat Jan 06 2024 16:22:21 GMT+0530 (India Standard Time)
[debug] [2024-01-06T10:52:21.374Z] ----------------------------------------------------------------------
[debug] 
[debug] [2024-01-06T10:52:21.390Z] > command requires scopes: ["email","openid","https://www.googleapis.com/auth/cloudplatformprojects.readonly","https://www.googleapis.com/auth/firebase","https://www.googleapis.com/auth/cloud-platform"]
[debug] [2024-01-06T10:52:21.391Z] > authorizing via signed-in user (ladduve4477@gmail.com)
[info] 
     ######## #### ########  ######## ########     ###     ######  ########
     ##        ##  ##     ## ##       ##     ##  ##   ##  ##       ##
     ######    ##  ########  ######   ########  #########  ######  ######
     ##        ##  ##    ##  ##       ##     ## ##     ##       ## ##
     ##       #### ##     ## ######## ########  ##     ##  ######  ########

You're about to initialize a Firebase project in this directory:

  C:\Users\Mohit Verma\OneDrive\Desktop\NetflixClone\NetflixFolder\nfmern

[info] 
=== Project Setup
[info] 
[info] First, let's associate this project directory with a Firebase project.
[info] You can create multiple project aliases by running firebase use --add, 
[info] but for now we'll just set up a default project.
[info] 
[debug] [2024-01-06T10:54:20.233Z] > refreshing access token with scopes: []
[debug] [2024-01-06T10:54:20.235Z] >>> [apiv2][query] POST https://www.googleapis.com/oauth2/v3/token [none]
[debug] [2024-01-06T10:54:20.236Z] >>> [apiv2][body] POST https://www.googleapis.com/oauth2/v3/token [omitted]
[debug] [2024-01-06T10:54:30.217Z] <<< [apiv2][status] POST https://www.googleapis.com/oauth2/v3/token 200
[debug] [2024-01-06T10:54:30.218Z] <<< [apiv2][body] POST https://www.googleapis.com/oauth2/v3/token [omitted]
[debug] [2024-01-06T10:54:30.251Z] >>> [apiv2][query] GET https://firebase.googleapis.com/v1beta1/projects pageSize=100
[debug] [2024-01-06T10:54:42.016Z] <<< [apiv2][status] GET https://firebase.googleapis.com/v1beta1/projects 200
[debug] [2024-01-06T10:54:42.016Z] <<< [apiv2][body] GET https://firebase.googleapis.com/v1beta1/projects [omitted]
[info] i  Using project netflixmern-5e049 (NetflixMERN) 
[info] 
=== Database Setup
[info] i  database: ensuring required API firebasedatabase.googleapis.com is enabled... 
[debug] [2024-01-06T10:55:22.987Z] >>> [apiv2][query] GET https://serviceusage.googleapis.com/v1/projects/netflixmern-5e049/services/firebasedatabase.googleapis.com [none]
[debug] [2024-01-06T10:55:22.987Z] >>> [apiv2][(partial)header] GET https://serviceusage.googleapis.com/v1/projects/netflixmern-5e049/services/firebasedatabase.googleapis.com x-goog-quota-user=projects/netflixmern-5e049
[debug] [2024-01-06T10:55:37.093Z] <<< [apiv2][status] GET https://serviceusage.googleapis.com/v1/projects/netflixmern-5e049/services/firebasedatabase.googleapis.com 200
[debug] [2024-01-06T10:55:37.093Z] <<< [apiv2][body] GET https://serviceusage.googleapis.com/v1/projects/netflixmern-5e049/services/firebasedatabase.googleapis.com [omitted]
[warn] !  database: missing required API firebasedatabase.googleapis.com. Enabling now... 
[debug] [2024-01-06T10:55:37.098Z] >>> [apiv2][query] POST https://serviceusage.googleapis.com/v1/projects/netflixmern-5e049/services/firebasedatabase.googleapis.com:enable [none]
[debug] [2024-01-06T10:55:37.099Z] >>> [apiv2][(partial)header] POST https://serviceusage.googleapis.com/v1/projects/netflixmern-5e049/services/firebasedatabase.googleapis.com:enable x-goog-quota-user=projects/netflixmern-5e049
[debug] [2024-01-06T10:55:38.883Z] <<< [apiv2][status] POST https://serviceusage.googleapis.com/v1/projects/netflixmern-5e049/services/firebasedatabase.googleapis.com:enable 200
[debug] [2024-01-06T10:55:38.884Z] <<< [apiv2][body] POST https://serviceusage.googleapis.com/v1/projects/netflixmern-5e049/services/firebasedatabase.googleapis.com:enable [omitted]
[debug] [2024-01-06T10:55:48.899Z] >>> [apiv2][query] GET https://serviceusage.googleapis.com/v1/projects/netflixmern-5e049/services/firebasedatabase.googleapis.com [none]
[debug] [2024-01-06T10:55:48.900Z] >>> [apiv2][(partial)header] GET https://serviceusage.googleapis.com/v1/projects/netflixmern-5e049/services/firebasedatabase.googleapis.com x-goog-quota-user=projects/netflixmern-5e049
[debug] [2024-01-06T10:55:57.366Z] <<< [apiv2][status] GET https://serviceusage.googleapis.com/v1/projects/netflixmern-5e049/services/firebasedatabase.googleapis.com 200
[debug] [2024-01-06T10:55:57.366Z] <<< [apiv2][body] GET https://serviceusage.googleapis.com/v1/projects/netflixmern-5e049/services/firebasedatabase.googleapis.com [omitted]
[info] +  database: required API firebasedatabase.googleapis.com is enabled 
[info] 
[debug] [2024-01-06T10:55:57.379Z] >>> [apiv2][query] GET https://firebase.googleapis.com/v1beta1/projects/netflixmern-5e049 [none]
[debug] [2024-01-06T10:56:06.910Z] <<< [apiv2][status] GET https://firebase.googleapis.com/v1beta1/projects/netflixmern-5e049 200
[debug] [2024-01-06T10:56:06.910Z] <<< [apiv2][body] GET https://firebase.googleapis.com/v1beta1/projects/netflixmern-5e049 {"projectId":"netflixmern-5e049","projectNumber":"177003190370","displayName":"NetflixMERN","name":"projects/netflixmern-5e049","resources":{"hostingSite":"netflixmern-5e049"},"state":"ACTIVE","etag":"1_e1ade0bc-900a-4289-acff-5af7d3d597e7"}
[debug] [2024-01-06T10:56:26.909Z] ----------------------------------------------------------------------
[debug] [2024-01-06T10:56:26.913Z] Command:       C:\Program Files\nodejs\node.exe C:\Users\Mohit Verma\AppData\Roaming\npm\node_modules\firebase-tools\lib\bin\firebase.js init
[debug] [2024-01-06T10:56:26.914Z] CLI Version:   12.8.0
[debug] [2024-01-06T10:56:26.914Z] Platform:      win32
[debug] [2024-01-06T10:56:26.914Z] Node Version:  v20.9.0
[debug] [2024-01-06T10:56:26.915Z] Time:          Sat Jan 06 2024 16:26:26 GMT+0530 (India Standard Time)
[debug] [2024-01-06T10:56:26.915Z] ----------------------------------------------------------------------
[debug] 
[debug] [2024-01-06T10:56:26.925Z] > command requires scopes: ["email","openid","https://www.googleapis.com/auth/cloudplatformprojects.readonly","https://www.googleapis.com/auth/firebase","https://www.googleapis.com/auth/cloud-platform"]
[debug] [2024-01-06T10:56:26.926Z] > authorizing via signed-in user (ladduve4477@gmail.com)
[info] 
     ######## #### ########  ######## ########     ###     ######  ########
     ##        ##  ##     ## ##       ##     ##  ##   ##  ##       ##
     ######    ##  ########  ######   ########  #########  ######  ######
     ##        ##  ##    ##  ##       ##     ## ##     ##       ## ##
     ##       #### ##     ## ######## ########  ##     ##  ######  ########

You're about to initialize a Firebase project in this directory:

  C:\Users\Mohit Verma\OneDrive\Desktop\NetflixClone\NetflixFolder\nfmern

[info] 
=== Project Setup
[info] 
[info] First, let's associate this project directory with a Firebase project.
[info] You can create multiple project aliases by running firebase use --add, 
[info] but for now we'll just set up a default project.
[info] 
[info] i  If you want to create a project in a Google Cloud organization or folder, please use "firebase projects:create" instead, and return to this command when you've created the project. 
[debug] [2024-01-06T10:57:03.650Z] >>> [apiv2][query] POST https://cloudresourcemanager.googleapis.com/v1/projects [none]
[debug] [2024-01-06T10:57:03.651Z] >>> [apiv2][body] POST https://cloudresourcemanager.googleapis.com/v1/projects {"projectId":"mynfmern","name":"Netflix-Clone"}
[debug] [2024-01-06T10:57:15.700Z] <<< [apiv2][status] POST https://cloudresourcemanager.googleapis.com/v1/projects 200
[debug] [2024-01-06T10:57:15.701Z] <<< [apiv2][body] POST https://cloudresourcemanager.googleapis.com/v1/projects {"name":"operations/cp.4710682857615231886"}
[debug] [2024-01-06T10:57:15.705Z] >>> [apiv2][query] GET https://cloudresourcemanager.googleapis.com/v1/operations/cp.4710682857615231886 [none]
[debug] [2024-01-06T10:57:18.199Z] <<< [apiv2][status] GET https://cloudresourcemanager.googleapis.com/v1/operations/cp.4710682857615231886 200
[debug] [2024-01-06T10:57:18.200Z] <<< [apiv2][body] GET https://cloudresourcemanager.googleapis.com/v1/operations/cp.4710682857615231886 {"name":"operations/cp.4710682857615231886","metadata":{"@type":"type.googleapis.com/google.cloudresourcemanager.v1.ProjectCreationStatus","gettable":true}}
[debug] [2024-01-06T10:57:18.715Z] [Project Creation Poller] Retrying task index 0
[debug] [2024-01-06T10:57:18.717Z] >>> [apiv2][query] GET https://cloudresourcemanager.googleapis.com/v1/operations/cp.4710682857615231886 [none]
[debug] [2024-01-06T10:57:19.887Z] <<< [apiv2][status] GET https://cloudresourcemanager.googleapis.com/v1/operations/cp.4710682857615231886 200
[debug] [2024-01-06T10:57:19.888Z] <<< [apiv2][body] GET https://cloudresourcemanager.googleapis.com/v1/operations/cp.4710682857615231886 {"name":"operations/cp.4710682857615231886","metadata":{"@type":"type.googleapis.com/google.cloudresourcemanager.v1.ProjectCreationStatus","gettable":true,"ready":true},"done":true,"response":{"@type":"type.googleapis.com/google.cloudresourcemanager.v1.Project","projectNumber":"284984675521","projectId":"mynfmern","lifecycleState":"ACTIVE","name":"Netflix-Clone","createTime":"2024-01-06T10:57:21.213Z"}}
[debug] [2024-01-06T10:57:19.891Z] >>> [apiv2][query] POST https://firebase.googleapis.com/v1beta1/projects/mynfmern:addFirebase [none]
[debug] [2024-01-06T10:57:29.848Z] <<< [apiv2][status] POST https://firebase.googleapis.com/v1beta1/projects/mynfmern:addFirebase 200
[debug] [2024-01-06T10:57:29.849Z] <<< [apiv2][body] POST https://firebase.googleapis.com/v1beta1/projects/mynfmern:addFirebase {"name":"operations/workflows/NzAwYWY1ZDctOGQ0Yi00NDc4LWIwYWEtYzE0OTQ4MDQ3NGQ0"}
[debug] [2024-01-06T10:57:29.849Z] >>> [apiv2][query] GET https://firebase.googleapis.com/v1beta1/operations/workflows/NzAwYWY1ZDctOGQ0Yi00NDc4LWIwYWEtYzE0OTQ4MDQ3NGQ0 [none]
[debug] [2024-01-06T10:57:32.132Z] <<< [apiv2][status] GET https://firebase.googleapis.com/v1beta1/operations/workflows/NzAwYWY1ZDctOGQ0Yi00NDc4LWIwYWEtYzE0OTQ4MDQ3NGQ0 200
[debug] [2024-01-06T10:57:32.132Z] <<< [apiv2][body] GET https://firebase.googleapis.com/v1beta1/operations/workflows/NzAwYWY1ZDctOGQ0Yi00NDc4LWIwYWEtYzE0OTQ4MDQ3NGQ0 {"name":"operations/workflows/NzAwYWY1ZDctOGQ0Yi00NDc4LWIwYWEtYzE0OTQ4MDQ3NGQ0"}
[debug] [2024-01-06T10:57:32.644Z] [Add Firebase Poller] Retrying task index 0
[debug] [2024-01-06T10:57:32.646Z] >>> [apiv2][query] GET https://firebase.googleapis.com/v1beta1/operations/workflows/NzAwYWY1ZDctOGQ0Yi00NDc4LWIwYWEtYzE0OTQ4MDQ3NGQ0 [none]
[debug] [2024-01-06T10:57:34.160Z] <<< [apiv2][status] GET https://firebase.googleapis.com/v1beta1/operations/workflows/NzAwYWY1ZDctOGQ0Yi00NDc4LWIwYWEtYzE0OTQ4MDQ3NGQ0 200
[debug] [2024-01-06T10:57:34.160Z] <<< [apiv2][body] GET https://firebase.googleapis.com/v1beta1/operations/workflows/NzAwYWY1ZDctOGQ0Yi00NDc4LWIwYWEtYzE0OTQ4MDQ3NGQ0 {"name":"operations/workflows/NzAwYWY1ZDctOGQ0Yi00NDc4LWIwYWEtYzE0OTQ4MDQ3NGQ0"}
[debug] [2024-01-06T10:57:35.162Z] [Add Firebase Poller] Retrying task index 0
[debug] [2024-01-06T10:57:35.163Z] >>> [apiv2][query] GET https://firebase.googleapis.com/v1beta1/operations/workflows/NzAwYWY1ZDctOGQ0Yi00NDc4LWIwYWEtYzE0OTQ4MDQ3NGQ0 [none]
[debug] [2024-01-06T10:57:36.855Z] <<< [apiv2][status] GET https://firebase.googleapis.com/v1beta1/operations/workflows/NzAwYWY1ZDctOGQ0Yi00NDc4LWIwYWEtYzE0OTQ4MDQ3NGQ0 200
[debug] [2024-01-06T10:57:36.855Z] <<< [apiv2][body] GET https://firebase.googleapis.com/v1beta1/operations/workflows/NzAwYWY1ZDctOGQ0Yi00NDc4LWIwYWEtYzE0OTQ4MDQ3NGQ0 {"name":"operations/workflows/NzAwYWY1ZDctOGQ0Yi00NDc4LWIwYWEtYzE0OTQ4MDQ3NGQ0"}
[debug] [2024-01-06T10:57:38.859Z] [Add Firebase Poller] Retrying task index 0
[debug] [2024-01-06T10:57:38.861Z] >>> [apiv2][query] GET https://firebase.googleapis.com/v1beta1/operations/workflows/NzAwYWY1ZDctOGQ0Yi00NDc4LWIwYWEtYzE0OTQ4MDQ3NGQ0 [none]
[debug] [2024-01-06T10:57:41.357Z] <<< [apiv2][status] GET https://firebase.googleapis.com/v1beta1/operations/workflows/NzAwYWY1ZDctOGQ0Yi00NDc4LWIwYWEtYzE0OTQ4MDQ3NGQ0 200
[debug] [2024-01-06T10:57:41.357Z] <<< [apiv2][body] GET https://firebase.googleapis.com/v1beta1/operations/workflows/NzAwYWY1ZDctOGQ0Yi00NDc4LWIwYWEtYzE0OTQ4MDQ3NGQ0 {"name":"operations/workflows/NzAwYWY1ZDctOGQ0Yi00NDc4LWIwYWEtYzE0OTQ4MDQ3NGQ0","done":true,"response":{"@type":"type.googleapis.com/google.firebase.service.v1beta1.FirebaseProject","projectId":"mynfmern","projectNumber":"284984675521","displayName":"Netflix-Clone","name":"projects/mynfmern","resources":{"hostingSite":"mynfmern"}}}
[info] 
[info] === Your Firebase project is ready! ===
[info] 
[info] Project information:
[info]    - Project ID: mynfmern
[info]    - Project Name: Netflix-Clone
[info] 
[info] Firebase console is available at
[info] https://console.firebase.google.com/project/mynfmern/overview
[info] i  Using project mynfmern (Netflix-Clone) 
[info] 
=== Database Setup
[info] i  database: ensuring required API firebasedatabase.googleapis.com is enabled... 
[debug] [2024-01-06T10:57:41.393Z] >>> [apiv2][query] GET https://serviceusage.googleapis.com/v1/projects/mynfmern/services/firebasedatabase.googleapis.com [none]
[debug] [2024-01-06T10:57:41.393Z] >>> [apiv2][(partial)header] GET https://serviceusage.googleapis.com/v1/projects/mynfmern/services/firebasedatabase.googleapis.com x-goog-quota-user=projects/mynfmern
[debug] [2024-01-06T10:57:52.108Z] <<< [apiv2][status] GET https://serviceusage.googleapis.com/v1/projects/mynfmern/services/firebasedatabase.googleapis.com 200
[debug] [2024-01-06T10:57:52.108Z] <<< [apiv2][body] GET https://serviceusage.googleapis.com/v1/projects/mynfmern/services/firebasedatabase.googleapis.com [omitted]
[warn] !  database: missing required API firebasedatabase.googleapis.com. Enabling now... 
[debug] [2024-01-06T10:57:52.112Z] >>> [apiv2][query] POST https://serviceusage.googleapis.com/v1/projects/mynfmern/services/firebasedatabase.googleapis.com:enable [none]
[debug] [2024-01-06T10:57:52.112Z] >>> [apiv2][(partial)header] POST https://serviceusage.googleapis.com/v1/projects/mynfmern/services/firebasedatabase.googleapis.com:enable x-goog-quota-user=projects/mynfmern
[debug] [2024-01-06T10:57:55.828Z] <<< [apiv2][status] POST https://serviceusage.googleapis.com/v1/projects/mynfmern/services/firebasedatabase.googleapis.com:enable 200
[debug] [2024-01-06T10:57:55.828Z] <<< [apiv2][body] POST https://serviceusage.googleapis.com/v1/projects/mynfmern/services/firebasedatabase.googleapis.com:enable [omitted]
[debug] [2024-01-06T10:58:05.840Z] >>> [apiv2][query] GET https://serviceusage.googleapis.com/v1/projects/mynfmern/services/firebasedatabase.googleapis.com [none]
[debug] [2024-01-06T10:58:05.841Z] >>> [apiv2][(partial)header] GET https://serviceusage.googleapis.com/v1/projects/mynfmern/services/firebasedatabase.googleapis.com x-goog-quota-user=projects/mynfmern
[debug] [2024-01-06T10:58:16.143Z] <<< [apiv2][status] GET https://serviceusage.googleapis.com/v1/projects/mynfmern/services/firebasedatabase.googleapis.com 200
[debug] [2024-01-06T10:58:16.143Z] <<< [apiv2][body] GET https://serviceusage.googleapis.com/v1/projects/mynfmern/services/firebasedatabase.googleapis.com [omitted]
[info] +  database: required API firebasedatabase.googleapis.com is enabled 
[info] 
[debug] [2024-01-06T10:58:16.156Z] >>> [apiv2][query] GET https://firebase.googleapis.com/v1beta1/projects/mynfmern [none]
[debug] [2024-01-06T10:58:24.958Z] <<< [apiv2][status] GET https://firebase.googleapis.com/v1beta1/projects/mynfmern 200
[debug] [2024-01-06T10:58:24.959Z] <<< [apiv2][body] GET https://firebase.googleapis.com/v1beta1/projects/mynfmern {"projectId":"mynfmern","projectNumber":"284984675521","displayName":"Netflix-Clone","name":"projects/mynfmern","resources":{"hostingSite":"mynfmern"},"state":"ACTIVE","etag":"1_de8aadcb-a5aa-4d1b-8697-02623af38ba8"}
[debug] [2024-01-06T10:58:43.082Z] >>> [apiv2][query] POST https://firebasedatabase.googleapis.com/v1beta/projects/mynfmern/locations/asia-southeast1/instances databaseId=mynfmern-default-rtdb&validateOnly=true
[debug] [2024-01-06T10:58:43.082Z] >>> [apiv2][body] POST https://firebasedatabase.googleapis.com/v1beta/projects/mynfmern/locations/asia-southeast1/instances {"type":"default_database"}
[debug] [2024-01-06T10:58:53.090Z] *** [apiv2] error from fetch(https://firebasedatabase.googleapis.com/v1beta/projects/mynfmern/locations/asia-southeast1/instances?databaseId=mynfmern-default-rtdb&validateOnly=true, {"headers":{},"method":"POST","signal":{},"body":"{\"type\":\"default_database\"}"}): AbortError: The user aborted a request.
[debug] [2024-01-06T10:58:53.091Z] Invalid Realtime Database instance name: mynfmern-default-rtdb. Timeout reached making request to https://firebasedatabase.googleapis.com/v1beta/projects/mynfmern/locations/asia-southeast1/instances?databaseId=mynfmern-default-rtdb&validateOnly=true
[debug] [2024-01-06T10:58:55.178Z] TypeError: Cannot read properties of undefined (reading 'body')
    at checkInstanceNameAvailable (C:\Users\Mohit Verma\AppData\Roaming\npm\node_modules\firebase-tools\lib\management\database.js:106:37)
    at process.processTicksAndRejections (node:internal/process/task_queues:95:5)
    at async createDefaultDatabaseInstance (C:\Users\Mohit Verma\AppData\Roaming\npm\node_modules\firebase-tools\lib\init\features\database.js:49:25)
    at async doSetup (C:\Users\Mohit Verma\AppData\Roaming\npm\node_modules\firebase-tools\lib\init\features\database.js:88:35)
    at async init (C:\Users\Mohit Verma\AppData\Roaming\npm\node_modules\firebase-tools\lib\init\index.js:41:9)
[error] 
[error] Error: An unexpected error has occurred.
